20:13:51.159  INFO  manager.ApplicationManager - All tests run in Chrome Browser
20:13:51.963  INFO  manager.ApplicationManager - The link --->https://telranedu.web.app/home
20:13:57.810  INFO  tests.TestBase - Before class logged in account with data ---> email: 'ssa@gmail.com', password: 'Ssa12345$'
20:13:57.836  INFO  tests.TestBase - Name of method ---> addContactSuccessAllFields
20:13:57.865  INFO  tests.TestBase - Test data ---> name: 'Bob', lastName: 'Smit', phone: 647174617814, email: bob431@gmail.com, address: 'Tel Aviv', description: 'all fields'
20:14:01.181  INFO  tests.TestBase - Assert check is Element contact present
20:14:01.190  INFO  tests.TestBase - Name of method ---> addContactSuccessRequiredFields
20:14:01.193  INFO  tests.TestBase - Test data ---> name: 'CrisReq', lastName: 'Braun', phone: 917201736102126, email: cris213@gmail.com, address: 'Rehovot'
20:14:03.243  INFO  tests.TestBase - Assert check is Element contact present
20:14:03.245  INFO  tests.TestBase - Name of method ---> addNewContactWrongAddress
20:14:03.246  INFO  tests.TestBase - Test data ---> name: 'Bob', lastName: 'Smit', phone: 6471746178123, email: bob@gmail.com, address: '', description: 'wrong address'
20:14:04.889  INFO  tests.TestBase - Assert check is add page still displayed
20:14:04.892  INFO  tests.TestBase - Name of method ---> addNewContactWrongEmail
20:14:04.893  INFO  tests.TestBase - Test data ---> name: 'Bob', lastName: 'Smit', phone: '6471746178123', email: bobgmail.com, address: 'Tel Aviv', description: 'wrong email'
20:14:07.167  INFO  tests.TestBase - Assert check is alert present with error text 'Email not valid:'
20:14:07.171  INFO  tests.TestBase - Name of method ---> addNewContactWrongLastName
20:14:07.172  INFO  tests.TestBase - Test data ---> name: 'Boby', lastName: '', phone: 6471746178123, email: boby@gmail.com, address: '', description: 'wrong lastName'
20:14:09.304  INFO  tests.TestBase - Assert check is add page still displayed
20:14:09.306  INFO  tests.TestBase - Name of method ---> addNewContactWrongName
20:14:09.307  INFO  tests.TestBase - Test data ---> name: '', lastName: 'Smit', phone: 111111111111, email: bob@gmail.com, address: 'Tel Aviv', description: 'wrong name'
20:14:10.645  INFO  tests.TestBase - Assert check is Element contact present
20:14:10.648  INFO  tests.TestBase - Name of method ---> addNewContactWrongPhone
20:14:10.649  INFO  tests.TestBase - Test data ---> name: 'Bob', lastName: 'Smit', phone: '', email: bob@gmail.com, address: 'Tel Aviv', description: 'wrong phone'
20:14:11.933  INFO  tests.TestBase - Assert check is add page still displayed
20:14:12.449  INFO  tests.TestBase - Assert check is alert present with error text ' Phone not valid: Phone number must contain only digits! And length min 10, max 15!'
