20:09:33.163  INFO  manager.ApplicationManager - All tests run in Chrome Browser
20:09:35.396  INFO  manager.ApplicationManager - The link --->https://telranedu.web.app/home
20:09:35.457  INFO  tests.TestBase - Name of method ---> loginSuccess
20:09:35.461  INFO  manager.ListenerWD - Before Find Elements --->By.xpath: //button[text()='Sign Out']
20:09:40.528  INFO  manager.ListenerWD - After Find Elements --->By.xpath: //button[text()='Sign Out']
20:09:40.532  INFO  manager.ListenerWD - List of elements is ---> 0
20:09:40.535  INFO  tests.TestBase - Start test with name 'loginSuccess'
20:09:40.536  INFO  tests.TestBase - Test data ---> email: 'ssa@gmail.com' & password: 'Ssa12345$'
20:09:40.537  INFO  manager.ListenerWD - Before Find Element --->By.cssSelector: [href='/login']
20:09:40.605  INFO  manager.ListenerWD - After Find Element --->By.cssSelector: [href='/login']
20:09:40.631  INFO  manager.ListenerWD - Location of element(1426, 34)
20:09:40.736  INFO  manager.ListenerWD - Before Find Element --->By.name: email
20:09:40.797  INFO  manager.ListenerWD - After Find Element --->By.name: email
20:09:40.820  INFO  manager.ListenerWD - Location of element(568, 250)
20:09:41.145  INFO  manager.ListenerWD - Before Find Element --->By.xpath: //input[la]
20:09:46.188  INFO  manager.ListenerWD - Huston we have a problem
20:09:46.189  INFO  manager.ListenerWD - Object target ---> ChromeDriver: chrome on WINDOWS (dff31ed12af2ecad51612b8ce40374c4)
20:09:46.190  INFO  manager.ListenerWD - ********************
20:09:46.191  INFO  manager.ListenerWD - Method name--->findElement
20:09:46.191  INFO  manager.ListenerWD - ********************
20:09:46.191  INFO  manager.ListenerWD - ********************
20:09:46.192  INFO  manager.ListenerWD - ********************
20:09:46.192  INFO  manager.ListenerWD - ********************
20:09:46.196  INFO  manager.ListenerWD - InvocationTargetException3org.openqa.selenium.NoSuchElementException: no such element: Unable to locate element: {"method":"xpath","selector":"//input[la]"}
  (Session info: chrome=112.0.5615.121)
For documentation on this error, please visit: https://selenium.dev/exceptions/#no_such_element
Build info: version: '4.7.0', revision: '0a5b49d16f'
System info: os.name: 'Windows 10', os.arch: 'amd64', os.version: '10.0', java.version: '11.0.18'
Driver info: org.openqa.selenium.chrome.ChromeDriver
Command: [dff31ed12af2ecad51612b8ce40374c4, findElement {using=xpath, value=//input[la]}]
Capabilities {acceptInsecureCerts: false, browserName: chrome, browserVersion: 112.0.5615.121, chrome: {chromedriverVersion: 112.0.5615.49 (bd2a7bcb881c..., userDataDir: C:\Users\honor\AppData\Loca...}, goog:chromeOptions: {debuggerAddress: localhost:49328}, networkConnectionEnabled: false, pageLoadStrategy: normal, platformName: WINDOWS, proxy: Proxy(), se:cdp: ws://localhost:49328/devtoo..., se:cdpVersion: 112.0.5615.121, setWindowRect: true, strictFileInteractability: false, timeouts: {implicit: 0, pageLoad: 300000, script: 30000}, unhandledPromptBehavior: dismiss and notify, webauthn:extension:credBlob: true, webauthn:extension:largeBlob: true, webauthn:extension:minPinLength: true, webauthn:extension:prf: true, webauthn:virtualAuthenticators: true}
Session ID: dff31ed12af2ecad51612b8ce40374c4
20:09:46.197  INFO  manager.ListenerWD - ********************
