20:30:49.416  INFO  manager.ApplicationManager - All tests run in Chrome Browser
20:30:51.339  INFO  manager.ApplicationManager - The link --->https://telranedu.web.app/home
20:30:51.413  INFO  tests.TestBase - Name of method ---> loginSuccess
20:30:51.417  INFO  manager.ListenerWD - Before Find Elements --->By.xpath: //button[text()='Sign Out']
20:30:56.442  INFO  manager.ListenerWD - After Find Elements --->By.xpath: //button[text()='Sign Out']
20:30:56.447  INFO  manager.ListenerWD - List of elements is ---> 0
20:30:56.450  INFO  tests.TestBase - Start test with name 'loginSuccess'
20:30:56.463  INFO  tests.TestBase - Test data ---> email: ssa@gmail.com & password: Ssa12345$
20:30:56.464  INFO  manager.ListenerWD - Before Find Element --->By.cssSelector: [href='/login']
20:30:56.528  INFO  manager.ListenerWD - After Find Element --->By.cssSelector: [href='/login']
20:30:56.554  INFO  manager.ListenerWD - Location of element(1426, 34)
20:30:56.670  INFO  manager.ListenerWD - Before Find Element --->By.name: email
20:30:56.738  INFO  manager.ListenerWD - After Find Element --->By.name: email
20:30:56.760  INFO  manager.ListenerWD - Location of element(568, 250)
20:30:57.089  INFO  manager.ListenerWD - Before Find Element --->By.xpath: //input[@name='password']
20:30:57.136  INFO  manager.ListenerWD - After Find Element --->By.xpath: //input[@name='password']
20:30:57.159  INFO  manager.ListenerWD - Location of element(568, 320)
20:30:57.403  INFO  manager.ListenerWD - Before Find Element --->By.xpath: //button[@name='login']
20:30:57.444  INFO  manager.ListenerWD - After Find Element --->By.xpath: //button[@name='login']
20:30:57.462  INFO  manager.ListenerWD - Location of element(568, 390)
20:30:57.524  INFO  manager.ListenerWD - Before Find Elements --->By.xpath: //button[text()='Sign Out']
20:30:58.502  INFO  manager.ListenerWD - After Find Elements --->By.xpath: //button[text()='Sign Out']
20:30:58.503  INFO  manager.ListenerWD - List of elements is ---> 1
20:30:58.509  INFO  tests.TestBase - Assert check is element button 'Sign out' present
20:30:58.518  INFO  tests.TestBase - Name of method ---> loginSuccess
20:30:58.521  INFO  manager.ListenerWD - Before Find Elements --->By.xpath: //button[text()='Sign Out']
20:30:58.561  INFO  manager.ListenerWD - After Find Elements --->By.xpath: //button[text()='Sign Out']
20:30:58.561  INFO  manager.ListenerWD - List of elements is ---> 1
20:30:58.561  INFO  manager.ListenerWD - Before Find Element --->By.xpath: //button[text()='Sign Out']
20:30:58.608  INFO  manager.ListenerWD - After Find Element --->By.xpath: //button[text()='Sign Out']
20:30:58.632  INFO  manager.ListenerWD - Location of element(1412, 39)
20:30:58.704  INFO  tests.TestBase - Before method finish logout
20:30:58.705  INFO  tests.TestBase - Start test with name 'loginSuccess'
20:30:58.706  INFO  tests.TestBase - Test data ---> email: ssa@gmail.com & password: Ssa12345$
20:30:58.707  INFO  manager.ListenerWD - Before Find Element --->By.cssSelector: [href='/login']
20:30:58.740  INFO  manager.ListenerWD - After Find Element --->By.cssSelector: [href='/login']
20:30:58.760  INFO  manager.ListenerWD - Location of element(1425, 33)
20:30:58.834  INFO  manager.ListenerWD - Before Find Element --->By.name: email
20:30:58.871  INFO  manager.ListenerWD - After Find Element --->By.name: email
20:30:58.889  INFO  manager.ListenerWD - Location of element(568, 250)
20:30:59.161  INFO  manager.ListenerWD - Before Find Element --->By.xpath: //input[@name='password']
20:30:59.193  INFO  manager.ListenerWD - After Find Element --->By.xpath: //input[@name='password']
20:30:59.213  INFO  manager.ListenerWD - Location of element(568, 320)
20:30:59.479  INFO  manager.ListenerWD - Before Find Element --->By.xpath: //button[@name='login']
20:30:59.514  INFO  manager.ListenerWD - After Find Element --->By.xpath: //button[@name='login']
20:30:59.535  INFO  manager.ListenerWD - Location of element(568, 390)
20:30:59.608  INFO  manager.ListenerWD - Before Find Elements --->By.xpath: //button[text()='Sign Out']
20:30:59.894  INFO  manager.ListenerWD - After Find Elements --->By.xpath: //button[text()='Sign Out']
20:30:59.894  INFO  manager.ListenerWD - List of elements is ---> 1
20:30:59.895  INFO  tests.TestBase - Assert check is element button 'Sign out' present
