18:47:58.565  INFO  manager.ApplicationManager - All tests run in Chrome Browser
18:48:01.343  INFO  manager.ApplicationManager - The link --->https://telranedu.web.app/home
18:48:01.412  INFO  tests.TestBase - Name of method ---> loginWrongEmail
18:48:01.417  INFO  manager.ListenerWD - Before Find Elements --->By.xpath: //button[text()='Sign Out']
18:48:06.475  INFO  manager.ListenerWD - After Find Elements --->By.xpath: //button[text()='Sign Out']
18:48:06.475  INFO  manager.ListenerWD - List of elements is ---> 0
18:48:06.477  INFO  tests.TestBase - Test data ---> email: 'ssagmail.com' & password: 'Ssa12345$'
18:48:06.478  INFO  manager.ListenerWD - Before Find Element --->By.cssSelector: [href='/login']
18:48:06.528  INFO  manager.ListenerWD - After Find Element --->By.cssSelector: [href='/login']
18:48:06.550  INFO  manager.ListenerWD - Location of element(1426, 34)
18:48:06.635  INFO  manager.ListenerWD - Before Find Element --->By.name: email
18:48:06.693  INFO  manager.ListenerWD - After Find Element --->By.name: email
18:48:06.711  INFO  manager.ListenerWD - Location of element(568, 250)
18:48:06.999  INFO  manager.ListenerWD - Before Find Element --->By.xpath: //input[@name='password']
18:48:07.049  INFO  manager.ListenerWD - After Find Element --->By.xpath: //input[@name='password']
18:48:07.069  INFO  manager.ListenerWD - Location of element(568, 320)
18:48:07.317  INFO  manager.ListenerWD - Before Find Element --->By.xpath: //button[@name='login']
18:48:07.361  INFO  manager.ListenerWD - After Find Element --->By.xpath: //button[@name='login']
18:48:07.378  INFO  manager.ListenerWD - Location of element(568, 390)
18:48:07.507  INFO  manager.ListenerWD - Huston we have a problem
18:48:07.508  INFO  manager.ListenerWD - Object target ---> org.openqa.selenium.remote.RemoteWebDriver$RemoteTargetLocator@7f8633ae
18:48:07.508  INFO  manager.ListenerWD - ********************
18:48:07.509  INFO  manager.ListenerWD - Method name--->alert
18:48:07.509  INFO  manager.ListenerWD - ********************
18:48:07.509  INFO  manager.ListenerWD - ********************
18:48:07.509  INFO  manager.ListenerWD - ********************
18:48:07.510  INFO  manager.ListenerWD - ********************
18:48:07.512  INFO  manager.ListenerWD - InvocationTargetException3org.openqa.selenium.NoAlertPresentException: no such alert
  (Session info: chrome=112.0.5615.138)
Build info: version: '4.7.0', revision: '0a5b49d16f'
System info: os.name: 'Windows 10', os.arch: 'amd64', os.version: '10.0', java.version: '1.8.0_361'
Driver info: org.openqa.selenium.chrome.ChromeDriver
Command: [92d6e41c0c723d670e64ded3a1d2822a, getAlertText {}]
Capabilities {acceptInsecureCerts: false, browserName: chrome, browserVersion: 112.0.5615.138, chrome: {chromedriverVersion: 112.0.5615.49 (bd2a7bcb881c..., userDataDir: C:\Users\honor\AppData\Loca...}, goog:chromeOptions: {debuggerAddress: localhost:50139}, networkConnectionEnabled: false, pageLoadStrategy: normal, platformName: WINDOWS, proxy: Proxy(), se:cdp: ws://localhost:50139/devtoo..., se:cdpVersion: 112.0.5615.138, setWindowRect: true, strictFileInteractability: false, timeouts: {implicit: 0, pageLoad: 300000, script: 30000}, unhandledPromptBehavior: dismiss and notify, webauthn:extension:credBlob: true, webauthn:extension:largeBlob: true, webauthn:extension:minPinLength: true, webauthn:extension:prf: true, webauthn:virtualAuthenticators: true}
Session ID: 92d6e41c0c723d670e64ded3a1d2822a
18:48:07.513  INFO  manager.ListenerWD - ********************
18:48:07.513  INFO  manager.ListenerWD - Screen with error is ---> src/test/screenshots/screen_203.png
18:48:08.046  INFO  manager.ListenerWD - Huston we have a problem
18:48:08.046  INFO  manager.ListenerWD - Object target ---> org.openqa.selenium.remote.RemoteWebDriver$RemoteTargetLocator@2125ad3
18:48:08.046  INFO  manager.ListenerWD - ********************
18:48:08.047  INFO  manager.ListenerWD - Method name--->alert
18:48:08.047  INFO  manager.ListenerWD - ********************
18:48:08.047  INFO  manager.ListenerWD - ********************
18:48:08.047  INFO  manager.ListenerWD - ********************
18:48:08.048  INFO  manager.ListenerWD - ********************
18:48:08.048  INFO  manager.ListenerWD - InvocationTargetException3org.openqa.selenium.NoAlertPresentException: no such alert
  (Session info: chrome=112.0.5615.138)
Build info: version: '4.7.0', revision: '0a5b49d16f'
System info: os.name: 'Windows 10', os.arch: 'amd64', os.version: '10.0', java.version: '1.8.0_361'
Driver info: org.openqa.selenium.chrome.ChromeDriver
Command: [92d6e41c0c723d670e64ded3a1d2822a, getAlertText {}]
Capabilities {acceptInsecureCerts: false, browserName: chrome, browserVersion: 112.0.5615.138, chrome: {chromedriverVersion: 112.0.5615.49 (bd2a7bcb881c..., userDataDir: C:\Users\honor\AppData\Loca...}, goog:chromeOptions: {debuggerAddress: localhost:50139}, networkConnectionEnabled: false, pageLoadStrategy: normal, platformName: WINDOWS, proxy: Proxy(), se:cdp: ws://localhost:50139/devtoo..., se:cdpVersion: 112.0.5615.138, setWindowRect: true, strictFileInteractability: false, timeouts: {implicit: 0, pageLoad: 300000, script: 30000}, unhandledPromptBehavior: dismiss and notify, webauthn:extension:credBlob: true, webauthn:extension:largeBlob: true, webauthn:extension:minPinLength: true, webauthn:extension:prf: true, webauthn:virtualAuthenticators: true}
Session ID: 92d6e41c0c723d670e64ded3a1d2822a
18:48:08.049  INFO  manager.ListenerWD - ********************
18:48:08.050  INFO  manager.ListenerWD - Screen with error is ---> src/test/screenshots/screen_456.png
18:48:08.605  INFO  tests.TestBase - Assert check is alert present with error text 'Wrong email or password'
18:48:08.616  INFO  tests.TestBase - Name of method ---> registrationWrongEmail
18:48:08.617  INFO  manager.ListenerWD - Before Find Elements --->By.xpath: //button[text()='Sign Out']
18:48:13.636  INFO  manager.ListenerWD - After Find Elements --->By.xpath: //button[text()='Sign Out']
18:48:13.637  INFO  manager.ListenerWD - List of elements is ---> 0
18:48:13.638  INFO  tests.TestBase - Test data---> User{email='ssagmail.com', password='Ssa12345$'}
18:48:13.638  INFO  manager.ListenerWD - Before Find Element --->By.cssSelector: [href='/login']
18:48:13.672  INFO  manager.ListenerWD - After Find Element --->By.cssSelector: [href='/login']
18:48:13.688  INFO  manager.ListenerWD - Location of element(1425, 33)
18:48:13.741  INFO  manager.ListenerWD - Before Find Element --->By.name: email
18:48:13.770  INFO  manager.ListenerWD - After Find Element --->By.name: email
18:48:13.787  INFO  manager.ListenerWD - Location of element(568, 281)
18:48:14.091  INFO  manager.ListenerWD - Before Find Element --->By.xpath: //input[@name='password']
18:48:14.121  INFO  manager.ListenerWD - After Find Element --->By.xpath: //input[@name='password']
18:48:14.137  INFO  manager.ListenerWD - Location of element(568, 351)
18:48:14.404  INFO  manager.ListenerWD - Before Find Element --->By.name: registration
18:48:14.439  INFO  manager.ListenerWD - After Find Element --->By.name: registration
18:48:14.455  INFO  manager.ListenerWD - Location of element(818, 421)
18:48:14.528  INFO  manager.ListenerWD - Huston we have a problem
18:48:14.528  INFO  manager.ListenerWD - Object target ---> org.openqa.selenium.remote.RemoteWebDriver$RemoteTargetLocator@49a26d19
18:48:14.528  INFO  manager.ListenerWD - ********************
18:48:14.528  INFO  manager.ListenerWD - Method name--->alert
18:48:14.529  INFO  manager.ListenerWD - ********************
18:48:14.529  INFO  manager.ListenerWD - ********************
18:48:14.529  INFO  manager.ListenerWD - ********************
18:48:14.529  INFO  manager.ListenerWD - ********************
18:48:14.530  INFO  manager.ListenerWD - InvocationTargetException3org.openqa.selenium.NoAlertPresentException: no such alert
  (Session info: chrome=112.0.5615.138)
Build info: version: '4.7.0', revision: '0a5b49d16f'
System info: os.name: 'Windows 10', os.arch: 'amd64', os.version: '10.0', java.version: '1.8.0_361'
Driver info: org.openqa.selenium.chrome.ChromeDriver
Command: [92d6e41c0c723d670e64ded3a1d2822a, getAlertText {}]
Capabilities {acceptInsecureCerts: false, browserName: chrome, browserVersion: 112.0.5615.138, chrome: {chromedriverVersion: 112.0.5615.49 (bd2a7bcb881c..., userDataDir: C:\Users\honor\AppData\Loca...}, goog:chromeOptions: {debuggerAddress: localhost:50139}, networkConnectionEnabled: false, pageLoadStrategy: normal, platformName: WINDOWS, proxy: Proxy(), se:cdp: ws://localhost:50139/devtoo..., se:cdpVersion: 112.0.5615.138, setWindowRect: true, strictFileInteractability: false, timeouts: {implicit: 0, pageLoad: 300000, script: 30000}, unhandledPromptBehavior: dismiss and notify, webauthn:extension:credBlob: true, webauthn:extension:largeBlob: true, webauthn:extension:minPinLength: true, webauthn:extension:prf: true, webauthn:virtualAuthenticators: true}
Session ID: 92d6e41c0c723d670e64ded3a1d2822a
18:48:14.531  INFO  manager.ListenerWD - ********************
18:48:14.531  INFO  manager.ListenerWD - Screen with error is ---> src/test/screenshots/screen_321.png
18:48:15.050  INFO  manager.ListenerWD - Huston we have a problem
18:48:15.051  INFO  manager.ListenerWD - Object target ---> org.openqa.selenium.remote.RemoteWebDriver$RemoteTargetLocator@479f2dc2
18:48:15.051  INFO  manager.ListenerWD - ********************
18:48:15.051  INFO  manager.ListenerWD - Method name--->alert
18:48:15.051  INFO  manager.ListenerWD - ********************
18:48:15.052  INFO  manager.ListenerWD - ********************
18:48:15.052  INFO  manager.ListenerWD - ********************
18:48:15.052  INFO  manager.ListenerWD - ********************
18:48:15.053  INFO  manager.ListenerWD - InvocationTargetException3org.openqa.selenium.NoAlertPresentException: no such alert
  (Session info: chrome=112.0.5615.138)
Build info: version: '4.7.0', revision: '0a5b49d16f'
System info: os.name: 'Windows 10', os.arch: 'amd64', os.version: '10.0', java.version: '1.8.0_361'
Driver info: org.openqa.selenium.chrome.ChromeDriver
Command: [92d6e41c0c723d670e64ded3a1d2822a, getAlertText {}]
Capabilities {acceptInsecureCerts: false, browserName: chrome, browserVersion: 112.0.5615.138, chrome: {chromedriverVersion: 112.0.5615.49 (bd2a7bcb881c..., userDataDir: C:\Users\honor\AppData\Loca...}, goog:chromeOptions: {debuggerAddress: localhost:50139}, networkConnectionEnabled: false, pageLoadStrategy: normal, platformName: WINDOWS, proxy: Proxy(), se:cdp: ws://localhost:50139/devtoo..., se:cdpVersion: 112.0.5615.138, setWindowRect: true, strictFileInteractability: false, timeouts: {implicit: 0, pageLoad: 300000, script: 30000}, unhandledPromptBehavior: dismiss and notify, webauthn:extension:credBlob: true, webauthn:extension:largeBlob: true, webauthn:extension:minPinLength: true, webauthn:extension:prf: true, webauthn:virtualAuthenticators: true}
Session ID: 92d6e41c0c723d670e64ded3a1d2822a
18:48:15.054  INFO  manager.ListenerWD - ********************
18:48:15.054  INFO  manager.ListenerWD - Screen with error is ---> src/test/screenshots/screen_256.png
18:48:15.610  INFO  tests.TestBase - Assert check is alert present with error text 'Wrong email or password format'
18:48:15.614  INFO  manager.ListenerWD - Before Find Elements --->By.xpath: //button[text()='Sign Out']
18:48:20.636  INFO  manager.ListenerWD - After Find Elements --->By.xpath: //button[text()='Sign Out']
18:48:20.636  INFO  manager.ListenerWD - List of elements is ---> 0
18:48:20.636  INFO  manager.ListenerWD - Before Find Element --->By.cssSelector: [href='/login']
18:48:20.663  INFO  manager.ListenerWD - After Find Element --->By.cssSelector: [href='/login']
18:48:20.677  INFO  manager.ListenerWD - Location of element(1425, 33)
18:48:20.721  INFO  manager.ListenerWD - Before Find Element --->By.name: email
18:48:20.750  INFO  manager.ListenerWD - After Find Element --->By.name: email
18:48:20.767  INFO  manager.ListenerWD - Location of element(568, 281)
18:48:21.032  INFO  manager.ListenerWD - Before Find Element --->By.xpath: //input[@name='password']
18:48:21.056  INFO  manager.ListenerWD - After Find Element --->By.xpath: //input[@name='password']
18:48:21.070  INFO  manager.ListenerWD - Location of element(568, 351)
18:48:21.307  INFO  manager.ListenerWD - Before Find Element --->By.xpath: //button[@name='login']
18:48:21.333  INFO  manager.ListenerWD - After Find Element --->By.xpath: //button[@name='login']
18:48:21.347  INFO  manager.ListenerWD - Location of element(568, 421)
18:48:21.399  INFO  tests.TestBase - Before class logged in account with data ---> email: 'ssa@gmail.com', password: 'Ssa12345$'
18:48:21.400  INFO  tests.TestBase - Name of method ---> addContactSuccessRequiredFields
18:48:21.403  INFO  tests.TestBase - Test data---> Contact(name=CrisReq, lastName=Braun, phone=917201736102427, email=cris80@gmail.com, address=Rehovot, description=null)
18:48:21.404  INFO  manager.ListenerWD - Before Find Element --->By.xpath: //a[@href='/add']
18:48:21.697  INFO  manager.ListenerWD - After Find Element --->By.xpath: //a[@href='/add']
18:48:21.712  INFO  manager.ListenerWD - Location of element(1191, 34)
18:48:21.776  INFO  manager.ListenerWD - Before Find Element --->By.xpath: //input[@placeholder='Name']
18:48:21.809  INFO  manager.ListenerWD - After Find Element --->By.xpath: //input[@placeholder='Name']
18:48:21.823  INFO  manager.ListenerWD - Location of element(240, 165)
18:48:22.046  INFO  manager.ListenerWD - Before Find Element --->By.xpath: //input[@placeholder='Last Name']
18:48:22.076  INFO  manager.ListenerWD - After Find Element --->By.xpath: //input[@placeholder='Last Name']
18:48:22.098  INFO  manager.ListenerWD - Location of element(240, 238)
18:48:22.301  INFO  manager.ListenerWD - Before Find Element --->By.xpath: //input[@placeholder='Phone']
18:48:22.337  INFO  manager.ListenerWD - After Find Element --->By.xpath: //input[@placeholder='Phone']
18:48:22.352  INFO  manager.ListenerWD - Location of element(240, 312)
18:48:22.579  INFO  manager.ListenerWD - Before Find Element --->By.xpath: //input[@placeholder='email']
18:48:22.611  INFO  manager.ListenerWD - After Find Element --->By.xpath: //input[@placeholder='email']
18:48:22.626  INFO  manager.ListenerWD - Location of element(240, 385)
18:48:22.845  INFO  manager.ListenerWD - Before Find Element --->By.xpath: //input[@placeholder='Address']
18:48:22.876  INFO  manager.ListenerWD - After Find Element --->By.xpath: //input[@placeholder='Address']
18:48:22.889  INFO  manager.ListenerWD - Location of element(240, 459)
18:48:23.095  INFO  manager.ListenerWD - Before Find Element --->By.xpath: //input[@placeholder='description']
18:48:23.124  INFO  manager.ListenerWD - After Find Element --->By.xpath: //input[@placeholder='description']
18:48:23.138  INFO  manager.ListenerWD - Location of element(240, 533)
18:48:23.301  INFO  manager.ListenerWD - Before Find Element --->By.xpath: //div[@class='add_form__2rsm2']/button
18:48:23.330  INFO  manager.ListenerWD - After Find Element --->By.xpath: //div[@class='add_form__2rsm2']/button
18:48:23.345  INFO  manager.ListenerWD - Location of element(242, 606)
18:48:23.544  INFO  manager.ListenerWD - Before Find Element --->By.xpath: //div[@class='add_form__2rsm2']/button
18:48:23.566  INFO  manager.ListenerWD - After Find Element --->By.xpath: //div[@class='add_form__2rsm2']/button
18:48:23.578  INFO  manager.ListenerWD - Location of element(242, 606)
18:48:23.627  INFO  manager.ListenerWD - Before Find Elements --->By.xpath: //div[@class='contact-item_card__2SOIM']/h3[text()='917201736102427']
18:48:24.528  INFO  manager.ListenerWD - After Find Elements --->By.xpath: //div[@class='contact-item_card__2SOIM']/h3[text()='917201736102427']
18:48:24.528  INFO  manager.ListenerWD - List of elements is ---> 1
18:48:24.528  INFO  tests.TestBase - Assert check is Element contact present
18:48:24.531  INFO  tests.TestBase - Name of method ---> removeFirstContact
18:48:24.532  INFO  manager.ListenerWD - Before Find Elements --->By.xpath: //button[text()='Sign Out']
18:48:24.553  INFO  manager.ListenerWD - After Find Elements --->By.xpath: //button[text()='Sign Out']
18:48:24.554  INFO  manager.ListenerWD - List of elements is ---> 1
18:48:24.554  INFO  manager.ListenerWD - Before Find Elements --->By.cssSelector: .contact-item_card__2SOIM
18:48:24.624  INFO  manager.ListenerWD - After Find Elements --->By.cssSelector: .contact-item_card__2SOIM
18:48:24.624  INFO  manager.ListenerWD - List of elements is ---> 5
18:48:24.625  INFO  manager.ListenerWD - Before Find Elements --->By.cssSelector: .contact-item_card__2SOIM
18:48:24.693  INFO  manager.ListenerWD - After Find Elements --->By.cssSelector: .contact-item_card__2SOIM
18:48:24.693  INFO  manager.ListenerWD - List of elements is ---> 5
18:48:24.693  INFO  tests.TestBase - Number of contacts list before remove ---> 5
18:48:24.693  INFO  manager.ListenerWD - Before Find Element --->By.cssSelector: [href='/contacts']
18:48:24.720  INFO  manager.ListenerWD - After Find Element --->By.cssSelector: [href='/contacts']
18:48:24.734  INFO  manager.ListenerWD - Location of element(911, 33)
18:48:24.790  INFO  manager.ListenerWD - Before Find Element --->By.cssSelector: .contact-item_card__2SOIM
18:48:24.818  INFO  manager.ListenerWD - After Find Element --->By.cssSelector: .contact-item_card__2SOIM
18:48:24.831  INFO  manager.ListenerWD - Location of element(230, 150)
18:48:24.898  INFO  manager.ListenerWD - Before Find Element --->By.xpath: //button[text()='Remove']
18:48:24.926  INFO  manager.ListenerWD - After Find Element --->By.xpath: //button[text()='Remove']
18:48:24.940  INFO  manager.ListenerWD - Location of element(736, 371)
18:48:26.000  INFO  manager.ListenerWD - Before Find Elements --->By.cssSelector: .contact-item_card__2SOIM
18:48:26.048  INFO  manager.ListenerWD - After Find Elements --->By.cssSelector: .contact-item_card__2SOIM
18:48:26.049  INFO  manager.ListenerWD - List of elements is ---> 4
18:48:26.049  INFO  tests.TestBase - Number of contacts list after remove ---> 4
18:48:26.049  INFO  tests.TestBase - Deleted 1 contact
