18:10:37.320  INFO  manager.ApplicationManager - All tests run in Chrome Browser
18:10:38.330  INFO  manager.ApplicationManager - The link --->https://telranedu.web.app/home
18:10:44.205  INFO  tests.TestBase - Before class logged in account with data ---> email: 'ssa@gmail.com', password: 'Ssa12345$'
18:10:44.240  INFO  tests.TestBase - Name of method ---> addContactSuccessAllFields
18:10:44.311  INFO  tests.TestBase - Test data---> Contact(name=Bob, lastName=Smit, phone=6471746178127, email=bob955@gmail.com, address=Tel Aviv, description=all fields)
18:10:47.572  INFO  tests.TestBase - Assert check is Element contact present
18:10:47.580  INFO  tests.TestBase - Name of method ---> addContactSuccessRequiredFields
18:10:47.590  INFO  tests.TestBase - Test data---> Contact(name=CrisReq, lastName=Braun, phone=917201736102831, email=cris405@gmail.com, address=Rehovot, description=null)
18:10:49.567  INFO  tests.TestBase - Assert check is Element contact present
18:10:49.569  INFO  tests.TestBase - Name of method ---> addNewContactWrongAddress
18:10:49.571  INFO  tests.TestBase - Test data---> Contact(name=Bob, lastName=Smit, phone=6471746178123, email=bob@gmail.com, address=, description=wrong address)
18:10:51.324  INFO  tests.TestBase - Assert check is add page still displayed
18:10:51.327  INFO  tests.TestBase - Name of method ---> addNewContactWrongEmail
18:10:51.329  INFO  tests.TestBase - Test data---> Contact(name=Bob, lastName=Smit, phone=6471746178123, email=bobgmail.com, address=Tel Aviv, description=wrong email)
18:10:53.456  INFO  tests.TestBase - Assert check is alert present with error text 'Email not valid:'
18:10:53.459  INFO  tests.TestBase - Name of method ---> addNewContactWrongLastName
18:10:53.462  INFO  tests.TestBase - Test data---> Contact(name=Boby, lastName=, phone=6471746178123, email=boby@gmail.com, address=Tel Aviv, description=wrong lastName)
18:10:55.604  INFO  tests.TestBase - Assert check is add page still displayed
18:10:55.606  INFO  tests.TestBase - Name of method ---> addNewContactWrongName
18:10:55.608  INFO  tests.TestBase - Test data---> Contact(name=, lastName=Smit, phone=111111111111, email=bob@gmail.com, address=Tel Aviv, description=wrong name)
18:10:57.000  INFO  tests.TestBase - Assert check is add page still displayed
18:10:57.003  INFO  tests.TestBase - Name of method ---> addNewContactWrongPhone
18:10:57.004  INFO  tests.TestBase - Test data---> Contact(name=Bob, lastName=Smit, phone=, email=bob@gmail.com, address=Tel Aviv, description=wrong phone)
18:10:58.340  INFO  tests.TestBase - Assert check is add page still displayed
18:10:58.869  INFO  tests.TestBase - Assert check is alert present with error text ' Phone not valid: Phone number must contain only digits! And length min 10, max 15!'
